d:\universidadpdfs\tpv1\esta vez de verdad\p2\cargame\debug\vc142.pdb
d:\universidadpdfs\tpv1\esta vez de verdad\p2\cargame\debug\vc142.idb
d:\universidadpdfs\tpv1\esta vez de verdad\p2\cargame\debug\texture.obj
d:\universidadpdfs\tpv1\esta vez de verdad\p2\cargame\debug\main.obj
d:\universidadpdfs\tpv1\esta vez de verdad\p2\cargame\debug\wall.obj
d:\universidadpdfs\tpv1\esta vez de verdad\p2\cargame\debug\meta.obj
d:\universidadpdfs\tpv1\esta vez de verdad\p2\cargame\debug\viewcontroller.obj
d:\universidadpdfs\tpv1\esta vez de verdad\p2\cargame\debug\car.obj
d:\universidadpdfs\tpv1\esta vez de verdad\p2\cargame\debug\badobject.obj
d:\universidadpdfs\tpv1\esta vez de verdad\p2\cargame\debug\game.obj
d:\universidadpdfs\tpv1\esta vez de verdad\p2\cargame\debug\gameobject.obj
d:\universidadpdfs\tpv1\esta vez de verdad\p2\cargame\debug\gameobjectcontainer.obj
d:\universidadpdfs\tpv1\esta vez de verdad\p2\cargame\debug\gameobjectgenerator.obj
d:\universidadpdfs\tpv1\esta vez de verdad\p2\cargame\debug\powerup.obj
d:\universidadpdfs\tpv1\esta vez de verdad\p2\cargame\debug\goodobject.obj
d:\universidadpdfs\tpv1\esta vez de verdad\p2\cargame\debug\startcommand.obj
d:\universidadpdfs\tpv1\esta vez de verdad\p2\cargame\debug\movecommand.obj
d:\universidadpdfs\tpv1\esta vez de verdad\p2\cargame\debug\helpcommand.obj
d:\universidadpdfs\tpv1\esta vez de verdad\p2\cargame\debug\debugcommand.obj
d:\universidadpdfs\tpv1\esta vez de verdad\p2\cargame\debug\acccommand.obj
d:\universidadpdfs\tpv1\esta vez de verdad\p2\cargame\debug\quitcommand.obj
d:\universidadpdfs\tpv1\esta vez de verdad\p2\cargame\debug\infobar.obj
d:\universidadpdfs\tpv1\esta vez de verdad\p2\bin\cargamepr1debug.exe
d:\universidadpdfs\tpv1\esta vez de verdad\p2\bin\cargamepr1debug.ilk
d:\universidadpdfs\tpv1\esta vez de verdad\p2\bin\cargamepr1debug.pdb
d:\universidadpdfs\tpv1\esta vez de verdad\p2\cargame\debug\cargamepr1.tlog\cl.command.1.tlog
d:\universidadpdfs\tpv1\esta vez de verdad\p2\cargame\debug\cargamepr1.tlog\cl.read.1.tlog
d:\universidadpdfs\tpv1\esta vez de verdad\p2\cargame\debug\cargamepr1.tlog\cl.write.1.tlog
d:\universidadpdfs\tpv1\esta vez de verdad\p2\cargame\debug\cargamepr1.tlog\link.command.1.tlog
d:\universidadpdfs\tpv1\esta vez de verdad\p2\cargame\debug\cargamepr1.tlog\link.read.1.tlog
d:\universidadpdfs\tpv1\esta vez de verdad\p2\cargame\debug\cargamepr1.tlog\link.write.1.tlog
